<?xml version="1.0" encoding="UTF-8"?>
<!-- Generated by org.testng.reporters.JUnitReportReporter -->
<testsuite hostname="LCG-" failures="0" tests="4" name="Pruebas.Clase5cTest" time="7.531" errors="0" timestamp="2024-09-11T20:48:13 ART" skipped="0">
  <testcase classname="Pruebas.Clase5cTest" name="Login" time="2.433"/>
  <testcase classname="Pruebas.Clase5cTest" name="Login" time="1.655"/>
  <testcase classname="Pruebas.Clase5cTest" name="Login" time="1.610"/>
  <testcase classname="Pruebas.Clase5cTest" name="Login" time="1.833"/>
</testsuite> <!-- Pruebas.Clase5cTest -->
