<?xml version="1.0" encoding="UTF-8"?>
<!-- Generated by org.testng.reporters.JUnitReportReporter -->
<testsuite hostname="LCG-" failures="0" tests="1" name="Pruebas.Clase5Test" time="2.351" errors="0" timestamp="2024-09-11T16:32:31 ART" skipped="0">
  <testcase classname="Pruebas.Clase5Test" name="Login" time="2.351"/>
</testsuite> <!-- Pruebas.Clase5Test -->
