<?xml version="1.0" encoding="UTF-8"?>
<!-- Generated by org.testng.reporters.JUnitReportReporter -->
<testsuite hostname="LCG-" failures="0" tests="1" name="Pruebas.Clase5bTest" time="12.723" errors="0" timestamp="2024-09-11T19:47:48 ART" skipped="0">
  <testcase classname="Pruebas.Clase5bTest" name="irAContactanos" time="12.723"/>
</testsuite> <!-- Pruebas.Clase5bTest -->
