<?xml version="1.0" encoding="UTF-8"?>
<!-- Generated by org.testng.reporters.JUnitReportReporter -->
<testsuite hostname="LCG-" failures="0" tests="1" name="Edit.AutomationProject.Clase6" time="0.054" errors="0" timestamp="2024-09-13T18:22:14 ART" skipped="0">
  <testcase classname="Edit.AutomationProject.Clase6" name="alertaNotificacion" time="0.054"/>
</testsuite> <!-- Edit.AutomationProject.Clase6 -->
