<?xml version="1.0" encoding="UTF-8"?>
<!-- Generated by org.testng.reporters.JUnitReportReporter -->
<testsuite hostname="LCG-" failures="0" tests="2" name="Edit.AutomationProject.Clase3" time="15.929" errors="0" timestamp="2024-09-10T19:53:04 ART" skipped="0">
  <testcase classname="Edit.AutomationProject.Clase3" name="irAContactanos" time="13.851"/>
  <testcase classname="Edit.AutomationProject.Clase3" name="buscarPalabra" time="2.078"/>
</testsuite> <!-- Edit.AutomationProject.Clase3 -->
