<?xml version="1.0" encoding="UTF-8"?>
<!-- Generated by org.testng.reporters.JUnitReportReporter -->
<testsuite hostname="LCG-" failures="0" tests="1" name="Edit.AutomationProject.AppTest" time="0.009" errors="0" timestamp="2024-09-10T12:49:33 ART" skipped="0">
  <testcase classname="Edit.AutomationProject.AppTest" name="shouldAnswerWithTrue" time="0.009"/>
</testsuite> <!-- Edit.AutomationProject.AppTest -->
