<?xml version="1.0" encoding="UTF-8"?>
<!-- Generated by org.testng.reporters.JUnitReportReporter -->
<testsuite hostname="LCG-" failures="0" tests="3" name="Edit.AutomationProject.Clase4" time="3.704" errors="0" timestamp="2024-09-10T19:14:50 ART" skipped="0">
  <testcase classname="Edit.AutomationProject.Clase4" name="buscarPalabra" time="1.207"/>
  <testcase classname="Edit.AutomationProject.Clase4" name="buscarPalabra" time="1.201"/>
  <testcase classname="Edit.AutomationProject.Clase4" name="buscarPalabra" time="1.296"/>
</testsuite> <!-- Edit.AutomationProject.Clase4 -->
